<?xml version="1.0" encoding="UTF-8"?>
<!-- Generated by org.testng.reporters.JUnitXMLReporter -->
<testsuite hostname="subashs-MacBook-Pro.local" name="Default test" tests="4" failures="0" timestamp="23 Jul 2019 09:03:19 GMT" time="3.48" errors="0">
  <testcase name="postAPITest" time="1.121" classname="LobsterApiTest.SearchCourceTest"/>
  <testcase name="postAPITest" time="0.695" classname="LobsterApiTest.SearchCourceTest"/>
  <testcase name="postAPITest" time="0.609" classname="LobsterApiTest.SearchCourceTest"/>
  <testcase name="postAPITest" time="0.613" classname="LobsterApiTest.SearchCourceTest"/>
</testsuite> <!-- Default test -->
