<?xml version="1.0" encoding="UTF-8"?>
<!-- Generated by org.testng.reporters.JUnitXMLReporter -->
<testsuite hostname="subashs-MacBook-Pro.local" name="Default test" tests="4" failures="0" timestamp="23 Jul 2019 16:14:19 GMT" time="9.488" errors="0">
  <testcase name="postAPITest" time="6.587" classname="LobsterApiTest.SearchCourceTest"/>
  <testcase name="postAPITest" time="0.806" classname="LobsterApiTest.SearchCourceTest"/>
  <testcase name="postAPITest" time="0.714" classname="LobsterApiTest.SearchCourceTest"/>
  <testcase name="postAPITest" time="0.93" classname="LobsterApiTest.SearchCourceTest"/>
</testsuite> <!-- Default test -->
