<?xml version="1.0" encoding="UTF-8"?>
<!-- Generated by org.testng.reporters.JUnitXMLReporter -->
<testsuite hostname="subashs-MacBook-Pro.local" name="Test" tests="4" failures="0" timestamp="23 Jul 2019 16:22:22 GMT" time="3.542" errors="0">
  <testcase name="postAPITest" time="1.207" classname="LobsterApiTest.SearchCourceTest"/>
  <testcase name="postAPITest" time="0.703" classname="LobsterApiTest.SearchCourceTest"/>
  <testcase name="postAPITest" time="0.613" classname="LobsterApiTest.SearchCourceTest"/>
  <testcase name="postAPITest" time="0.581" classname="LobsterApiTest.SearchCourceTest"/>
</testsuite> <!-- Test -->
