<?xml version="1.0" encoding="UTF-8"?>
<!-- Generated by org.testng.reporters.JUnitXMLReporter -->
<testsuite hostname="subashs-MacBook-Pro.local" ignored="0" name="Test" tests="4" failures="0" timestamp="23 Jul 2019 16:39:38 GMT" time="3.589" errors="0">
  <testcase name="postAPITest" time="1.387" classname="LobsterApiTest.SearchCourceTest"/>
  <testcase name="postAPITest" time="0.667" classname="LobsterApiTest.SearchCourceTest"/>
  <testcase name="postAPITest" time="0.636" classname="LobsterApiTest.SearchCourceTest"/>
  <testcase name="postAPITest" time="0.502" classname="LobsterApiTest.SearchCourceTest"/>
</testsuite> <!-- Test -->
