<?xml version="1.0" encoding="UTF-8"?>
<!-- Generated by org.testng.reporters.JUnitXMLReporter -->
<testsuite hostname="subashs-MacBook-Pro.local" name="Test" tests="4" failures="4" timestamp="22 Jul 2019 21:10:17 GMT" time="0.397" errors="0">
  <testcase name="postAPITest" time="0.004" classname="LobsterApiTest.SearchCourceTest">
    <failure type="java.lang.StringIndexOutOfBoundsException" message="String index out of range: -1">
      <![CDATA[java.lang.StringIndexOutOfBoundsException: String index out of range: -1
	at java.lang.String.substring(String.java:1967)
	at LobsterApi.Listeners.ExtentReporterNG.onTestStart(ExtentReporterNG.java:68)
... Removed 21 stack frames]]>
    </failure>
  </testcase> <!-- postAPITest -->
  <testcase name="postAPITest" time="0.001" classname="LobsterApiTest.SearchCourceTest">
    <failure type="java.lang.StringIndexOutOfBoundsException" message="String index out of range: -1">
      <![CDATA[java.lang.StringIndexOutOfBoundsException: String index out of range: -1
	at java.lang.String.substring(String.java:1967)
	at LobsterApi.Listeners.ExtentReporterNG.onTestStart(ExtentReporterNG.java:68)
... Removed 21 stack frames]]>
    </failure>
  </testcase> <!-- postAPITest -->
  <testcase name="postAPITest" time="0.001" classname="LobsterApiTest.SearchCourceTest">
    <failure type="java.lang.StringIndexOutOfBoundsException" message="String index out of range: -1">
      <![CDATA[java.lang.StringIndexOutOfBoundsException: String index out of range: -1
	at java.lang.String.substring(String.java:1967)
	at LobsterApi.Listeners.ExtentReporterNG.onTestStart(ExtentReporterNG.java:68)
... Removed 21 stack frames]]>
    </failure>
  </testcase> <!-- postAPITest -->
  <testcase name="postAPITest" time="0.001" classname="LobsterApiTest.SearchCourceTest">
    <failure type="java.lang.StringIndexOutOfBoundsException" message="String index out of range: -1">
      <![CDATA[java.lang.StringIndexOutOfBoundsException: String index out of range: -1
	at java.lang.String.substring(String.java:1967)
	at LobsterApi.Listeners.ExtentReporterNG.onTestStart(ExtentReporterNG.java:68)
... Removed 21 stack frames]]>
    </failure>
  </testcase> <!-- postAPITest -->
</testsuite> <!-- Test -->
