<?xml version="1.0" encoding="UTF-8"?>
<testng-results skipped="0" failed="0" ignored="0" total="4" passed="4">
  <reporter-output>
  </reporter-output>
  <suite name="LobsterApiSuite" duration-ms="3589" started-at="2019-07-23T16:39:30Z" finished-at="2019-07-23T16:39:33Z">
    <groups>
    </groups>
    <test name="Test" duration-ms="3589" started-at="2019-07-23T16:39:30Z" finished-at="2019-07-23T16:39:33Z">
      <class name="LobsterApiTest.SearchCourceTest">
        <test-method status="PASS" signature="setUp()[pri:0, instance:LobsterApiTest.SearchCourceTest@2fd66ad3]" name="setUp" is-config="true" duration-ms="3" started-at="2019-07-23T16:39:30Z" finished-at="2019-07-23T16:39:30Z">
          <reporter-output>
          </reporter-output>
        </test-method> <!-- setUp -->
        <test-method status="PASS" signature="postAPITest(java.lang.String, java.lang.String)[pri:0, instance:LobsterApiTest.SearchCourceTest@2fd66ad3]" name="postAPITest" duration-ms="1387" started-at="2019-07-23T16:39:30Z" data-provider="searchCourceDatagetter" finished-at="2019-07-23T16:39:32Z">
          <params>
            <param index="0">
              <value>
                <![CDATA[Vodka]]>
              </value>
            </param>
            <param index="1">
              <value>
                <![CDATA[Data001]]>
              </value>
            </param>
          </params>
          <reporter-output>
          </reporter-output>
        </test-method> <!-- postAPITest -->
        <test-method status="PASS" signature="setUp()[pri:0, instance:LobsterApiTest.SearchCourceTest@2fd66ad3]" name="setUp" is-config="true" duration-ms="1" started-at="2019-07-23T16:39:32Z" finished-at="2019-07-23T16:39:32Z">
          <reporter-output>
          </reporter-output>
        </test-method> <!-- setUp -->
        <test-method status="PASS" signature="postAPITest(java.lang.String, java.lang.String)[pri:0, instance:LobsterApiTest.SearchCourceTest@2fd66ad3]" name="postAPITest" duration-ms="667" started-at="2019-07-23T16:39:32Z" data-provider="searchCourceDatagetter" finished-at="2019-07-23T16:39:32Z">
          <params>
            <param index="0">
              <value>
                <![CDATA[Vodka]]>
              </value>
            </param>
            <param index="1">
              <value>
                <![CDATA[Data001]]>
              </value>
            </param>
          </params>
          <reporter-output>
          </reporter-output>
        </test-method> <!-- postAPITest -->
        <test-method status="PASS" signature="setUp()[pri:0, instance:LobsterApiTest.SearchCourceTest@2fd66ad3]" name="setUp" is-config="true" duration-ms="1" started-at="2019-07-23T16:39:32Z" finished-at="2019-07-23T16:39:32Z">
          <reporter-output>
          </reporter-output>
        </test-method> <!-- setUp -->
        <test-method status="PASS" signature="postAPITest(java.lang.String, java.lang.String)[pri:0, instance:LobsterApiTest.SearchCourceTest@2fd66ad3]" name="postAPITest" duration-ms="636" started-at="2019-07-23T16:39:32Z" data-provider="searchCourceDatagetter" finished-at="2019-07-23T16:39:33Z">
          <params>
            <param index="0">
              <value>
                <![CDATA[Vodka]]>
              </value>
            </param>
            <param index="1">
              <value>
                <![CDATA[Data001]]>
              </value>
            </param>
          </params>
          <reporter-output>
          </reporter-output>
        </test-method> <!-- postAPITest -->
        <test-method status="PASS" signature="setUp()[pri:0, instance:LobsterApiTest.SearchCourceTest@2fd66ad3]" name="setUp" is-config="true" duration-ms="1" started-at="2019-07-23T16:39:33Z" finished-at="2019-07-23T16:39:33Z">
          <reporter-output>
          </reporter-output>
        </test-method> <!-- setUp -->
        <test-method status="PASS" signature="postAPITest(java.lang.String, java.lang.String)[pri:0, instance:LobsterApiTest.SearchCourceTest@2fd66ad3]" name="postAPITest" duration-ms="502" started-at="2019-07-23T16:39:33Z" data-provider="searchCourceDatagetter" finished-at="2019-07-23T16:39:33Z">
          <params>
            <param index="0">
              <value>
                <![CDATA[Vodka]]>
              </value>
            </param>
            <param index="1">
              <value>
                <![CDATA[Data001]]>
              </value>
            </param>
          </params>
          <reporter-output>
          </reporter-output>
        </test-method> <!-- postAPITest -->
      </class> <!-- LobsterApiTest.SearchCourceTest -->
    </test> <!-- Test -->
  </suite> <!-- LobsterApiSuite -->
</testng-results>
